Compiling 104 files with Solc 0.8.17
Solc 0.8.17 finished in 4.55s
Compiler run successful!
Traces:
  [3946586] → new DeployPaymentsPlugin@0x9f7cF1d1F558E57ef88a59ac3D47214eF25B6A06
    └─ ← [Return] 19600 bytes of code

  [3816269] DeployPaymentsPlugin::run()
    ├─ [0] VM::envUint("DEPLOYMENT_PRIVATE_KEY") [staticcall]
    │   └─ ← [Return] <env var value>
    ├─ [0] VM::startBroadcast(<pk>)
    │   └─ ← [Return] 
    ├─ [0] VM::addr(<pk>) [staticcall]
    │   └─ ← [Return] 0xDAef100C116E6D8358Ac3987e40b8c33F0b2730f
    ├─ [0] console::log("Deploying from:", 0xDAef100C116E6D8358Ac3987e40b8c33F0b2730f) [staticcall]
    │   └─ ← [Stop] 
    ├─ [3376868] → new PaymentsPluginSetup@0x43EEee7b3E70C6738B2f41A3dDfAC62322685fCe
    │   ├─ [2114996] → new PaymentsPlugin@0x87c0Ba71E56Acd369e6EC2438D9C647314f13047
    │   │   ├─ emit Initialized(version: 255)
    │   │   └─ ← [Return] 10446 bytes of code
    │   └─ ← [Return] 6134 bytes of code
    ├─ [0] console::log("PaymentsPluginSetup deployed at:", PaymentsPluginSetup: [0x43EEee7b3E70C6738B2f41A3dDfAC62322685fCe]) [staticcall]
    │   └─ ← [Stop] 
    ├─ [0] VM::envAddress("PLUGIN_REPO_FACTORY") [staticcall]
    │   └─ ← [Return] <env var value>
    ├─ [0] VM::envString("PAYMENTS_PLUGIN_REPO_ENS_SUBDOMAIN") [staticcall]
    │   └─ ← [Return] <env var value>
    ├─ [0] VM::addr(<pk>) [staticcall]
    │   └─ ← [Return] 0xDAef100C116E6D8358Ac3987e40b8c33F0b2730f
    ├─ [390663] PluginRepoFactory::createPluginRepoWithFirstVersion("xelmar-payments-plugin-v4", PaymentsPluginSetup: [0x43EEee7b3E70C6738B2f41A3dDfAC62322685fCe], 0xDAef100C116E6D8358Ac3987e40b8c33F0b2730f, 0x307830303030303030303030303030303030303030303030303030303030303030303030303030303030303030303030303030303030303030303030303030303230, 0x307830303030303030303030303030303030303030303030303030303030303030303030303030303030303030303030303030303030303030303030303030303230)
    │   ├─ [295052] → new <unknown>@0xA9528E55d46E884b924336872225897aE6441a35
    │   │   ├─ emit Upgraded(implementation: PluginRepo: [0x917C2Ab96c40aDEfD08d240409485D8b606423E3])
    │   │   ├─ [100399] PluginRepo::initialize(PluginRepoFactory: [0x07f49c49Ce2A99CF7C28F66673d406386BDD8Ff4]) [delegatecall]
    │   │   │   ├─ emit Granted(permissionId: 0x815fe80e4b37c8582a3b773d1d7071f983eacfd56b5965db654f3087c25ada33, here: PluginRepoFactory: [0x07f49c49Ce2A99CF7C28F66673d406386BDD8Ff4], where: 0xA9528E55d46E884b924336872225897aE6441a35, who: PluginRepoFactory: [0x07f49c49Ce2A99CF7C28F66673d406386BDD8Ff4], condition: SHA-256: [0x0000000000000000000000000000000000000002])
    │   │   │   ├─ emit Granted(permissionId: 0xa0885006fe6672eeafd1deca6c67bcdc6dd79cfe2b157a98539ddf73cd8c04ea, here: PluginRepoFactory: [0x07f49c49Ce2A99CF7C28F66673d406386BDD8Ff4], where: 0xA9528E55d46E884b924336872225897aE6441a35, who: PluginRepoFactory: [0x07f49c49Ce2A99CF7C28F66673d406386BDD8Ff4], condition: SHA-256: [0x0000000000000000000000000000000000000002])
    │   │   │   ├─ emit Granted(permissionId: 0x5aa4f06bdc18535eff05128093a2315c2c960a2722e20021cbff28da04760f5b, here: PluginRepoFactory: [0x07f49c49Ce2A99CF7C28F66673d406386BDD8Ff4], where: 0xA9528E55d46E884b924336872225897aE6441a35, who: PluginRepoFactory: [0x07f49c49Ce2A99CF7C28F66673d406386BDD8Ff4], condition: SHA-256: [0x0000000000000000000000000000000000000002])
    │   │   │   ├─ emit Initialized(version: 1)
    │   │   │   └─ ← [Stop] 
    │   │   └─ ← [Return] 833 bytes of code
    │   ├─ [53763] ERC1967Proxy::fallback("xelmar-payments-plugin-v4", 0xA9528E55d46E884b924336872225897aE6441a35)
    │   │   ├─ [48855] PluginRepoRegistry::registerPluginRepo("xelmar-payments-plugin-v4", 0xA9528E55d46E884b924336872225897aE6441a35) [delegatecall]
    │   │   │   ├─ [8638] ERC1967Proxy::fallback(ERC1967Proxy: [0x35B62715459cB60bf6dC17fF8cfe138EA305E7Ee], PluginRepoFactory: [0x07f49c49Ce2A99CF7C28F66673d406386BDD8Ff4], 0x055973dfb6d3b3cd890dde3a801f5427fa973864752b6d2a1ae61cbd5ae5dc09, 0xfdb9df550000000000000000000000000000000000000000000000000000000000000040000000000000000000000000a9528e55d46e884b924336872225897ae6441a35000000000000000000000000000000000000000000000000000000000000001978656c6d61722d7061796d656e74732d706c7567696e2d763400000000000000) [staticcall]
    │   │   │   │   ├─ [3701] DAO::hasPermission(ERC1967Proxy: [0x35B62715459cB60bf6dC17fF8cfe138EA305E7Ee], PluginRepoFactory: [0x07f49c49Ce2A99CF7C28F66673d406386BDD8Ff4], 0x055973dfb6d3b3cd890dde3a801f5427fa973864752b6d2a1ae61cbd5ae5dc09, 0xfdb9df550000000000000000000000000000000000000000000000000000000000000040000000000000000000000000a9528e55d46e884b924336872225897ae6441a35000000000000000000000000000000000000000000000000000000000000001978656c6d61722d7061796d656e74732d706c7567696e2d763400000000000000) [delegatecall]
    │   │   │   │   │   └─ ← [Return] true
    │   │   │   │   └─ ← [Return] true
    │   │   │   ├─ [22490] ERC1967Proxy::fallback(0x0abe3d987d2f3ceb5fb16afe907be3dbdd27e131f5ce8c5460247eee6d765eff, 0xA9528E55d46E884b924336872225897aE6441a35)
    │   │   │   │   ├─ [17594] ENSSubdomainRegistrar::registerSubnode(0x0abe3d987d2f3ceb5fb16afe907be3dbdd27e131f5ce8c5460247eee6d765eff, 0xA9528E55d46E884b924336872225897aE6441a35) [delegatecall]
    │   │   │   │   │   ├─ [4114] ERC1967Proxy::fallback(ERC1967Proxy: [0x95D563382BeD5AcB458759EE05b27DF2CB019Cc7], ERC1967Proxy: [0x35B62715459cB60bf6dC17fF8cfe138EA305E7Ee], 0xbbdfd23f099d7ed9f535e0f97d2123efb1332b16e023b8359b3b879eaecd3c14, 0x89bb41450abe3d987d2f3ceb5fb16afe907be3dbdd27e131f5ce8c5460247eee6d765eff000000000000000000000000a9528e55d46e884b924336872225897ae6441a35) [staticcall]
    │   │   │   │   │   │   ├─ [3689] DAO::hasPermission(ERC1967Proxy: [0x95D563382BeD5AcB458759EE05b27DF2CB019Cc7], ERC1967Proxy: [0x35B62715459cB60bf6dC17fF8cfe138EA305E7Ee], 0xbbdfd23f099d7ed9f535e0f97d2123efb1332b16e023b8359b3b879eaecd3c14, 0x89bb41450abe3d987d2f3ceb5fb16afe907be3dbdd27e131f5ce8c5460247eee6d765eff000000000000000000000000a9528e55d46e884b924336872225897ae6441a35) [delegatecall]
    │   │   │   │   │   │   │   └─ ← [Return] true
    │   │   │   │   │   │   └─ ← [Return] true
    │   │   │   │   │   ├─ [2797] ENSRegistryWithFallback::owner(0x775c9205ef1ff1f06da0138328bba44db8eb4f155783de74c8cae21d137fa6b9) [staticcall]
    │   │   │   │   │   │   └─ ← [Return] ERC1967Proxy: [0x95D563382BeD5AcB458759EE05b27DF2CB019Cc7]
    │   │   │   │   │   └─ ← [Revert] AlreadyRegistered(0x775c9205ef1ff1f06da0138328bba44db8eb4f155783de74c8cae21d137fa6b9, 0x95D563382BeD5AcB458759EE05b27DF2CB019Cc7)
    │   │   │   │   └─ ← [Revert] AlreadyRegistered(0x775c9205ef1ff1f06da0138328bba44db8eb4f155783de74c8cae21d137fa6b9, 0x95D563382BeD5AcB458759EE05b27DF2CB019Cc7)
    │   │   │   └─ ← [Revert] AlreadyRegistered(0x775c9205ef1ff1f06da0138328bba44db8eb4f155783de74c8cae21d137fa6b9, 0x95D563382BeD5AcB458759EE05b27DF2CB019Cc7)
    │   │   └─ ← [Revert] AlreadyRegistered(0x775c9205ef1ff1f06da0138328bba44db8eb4f155783de74c8cae21d137fa6b9, 0x95D563382BeD5AcB458759EE05b27DF2CB019Cc7)
    │   └─ ← [Revert] AlreadyRegistered(0x775c9205ef1ff1f06da0138328bba44db8eb4f155783de74c8cae21d137fa6b9, 0x95D563382BeD5AcB458759EE05b27DF2CB019Cc7)
    └─ ← [Revert] AlreadyRegistered(0x775c9205ef1ff1f06da0138328bba44db8eb4f155783de74c8cae21d137fa6b9, 0x95D563382BeD5AcB458759EE05b27DF2CB019Cc7)



== Logs ==
  Deploying from: 0xDAef100C116E6D8358Ac3987e40b8c33F0b2730f
  PaymentsPluginSetup deployed at: 0x43EEee7b3E70C6738B2f41A3dDfAC62322685fCe
